[2026-06-13 12:43:08] [INFO]: Máy chủ Express đang chạy thành công tại cổng 3000
[2026-06-13 13:04:00] [INFO]: Máy chủ Express đang chạy thành công tại cổng 3000
[2026-06-13 13:04:14] [INFO]: Máy chủ Express đang chạy thành công tại cổng 3000
[2026-06-13 13:04:23] [ERROR]: POST /api/v1/auth/request-otp - Lỗi hệ thống: Expected property name or '}' in JSON at position 1 (line 1 column 2)
[2026-06-13 13:04:27] [ERROR]: POST /api/v1/auth/request-otp - Lỗi hệ thống: fetch failed
[2026-06-13 13:04:32] [INFO]: Máy chủ Express đang chạy thành công tại cổng 3000
[2026-06-13 14:16:02] [INFO]: Máy chủ Express đang chạy thành công tại cổng 3000
[2026-06-14 08:29:43] [INFO]: Máy chủ Express đang chạy thành công tại cổng 3000
[2026-06-14 08:47:17] [INFO]: Máy chủ Express đang chạy thành công tại cổng 3000
[2026-06-14 08:49:04] [INFO]: Máy chủ Express đang chạy thành công tại cổng 3000
[2026-06-14 08:49:20] [ERROR]: POST /api/v1/auth/request-otp - Lỗi hệ thống: 
Invalid `prisma.oTP.count()` invocation in
D:\meat-management\meat-management-be\src\controllers\auth.js:18:39

  15 
  16 // Kiểm tra giới hạn: tối đa 3 lần gửi OTP trong vòng 10 phút
  17 const tenMinutesAgo = new Date(Date.now() - 10 * 60 * 1000);
→ 18 const otpCount = await prisma.oTP.count(
Error validating `accelerateUrl`: the URL must start with the protocol `prisma://` or `prisma+postgres://`
[2026-06-14 08:55:13] [INFO]: Máy chủ Express đang chạy thành công tại cổng 3000
[2026-06-14 09:02:33] [INFO]: Máy chủ Express đang chạy thành công tại cổng 3000
[2026-06-14 09:02:35] [INFO]: Máy chủ Express đang chạy thành công tại cổng 3000
[2026-06-14 09:02:38] [INFO]: Máy chủ Express đang chạy thành công tại cổng 3000
[2026-06-14 09:02:39] [INFO]: Máy chủ Express đang chạy thành công tại cổng 3000
[2026-06-14 09:02:48] [INFO]: Máy chủ Express đang chạy thành công tại cổng 3000
[2026-06-14 09:02:48] [INFO]: Máy chủ Express đang chạy thành công tại cổng 3000
[2026-06-14 09:02:49] [INFO]: Máy chủ Express đang chạy thành công tại cổng 3000
[2026-06-14 09:02:52] [INFO]: Máy chủ Express đang chạy thành công tại cổng 3000
[2026-06-14 09:02:53] [INFO]: Máy chủ Express đang chạy thành công tại cổng 3000
[2026-06-14 09:02:53] [INFO]: Máy chủ Express đang chạy thành công tại cổng 3000
[2026-06-14 09:03:08] [INFO]: Máy chủ Express đang chạy thành công tại cổng 3000
[2026-06-14 09:03:08] [INFO]: Máy chủ Express đang chạy thành công tại cổng 3000
[2026-06-14 09:03:09] [INFO]: Máy chủ Express đang chạy thành công tại cổng 3000
[2026-06-14 09:03:11] [INFO]: Máy chủ Express đang chạy thành công tại cổng 3000
[2026-06-14 09:03:12] [INFO]: Máy chủ Express đang chạy thành công tại cổng 3000
[2026-06-14 09:03:16] [INFO]: Máy chủ Express đang chạy thành công tại cổng 3000
[2026-06-14 09:03:17] [INFO]: Máy chủ Express đang chạy thành công tại cổng 3000
[2026-06-14 09:04:39] [INFO]: Máy chủ Express đang chạy thành công tại cổng 3000
[2026-06-14 09:04:40] [INFO]: Máy chủ Express đang chạy thành công tại cổng 3000
[2026-06-14 10:25:54] [INFO]: Máy chủ Express đang chạy thành công tại cổng 3000
[2026-06-14 10:53:34] [ERROR]: GET /api/v1/customers - Lỗi hệ thống: Yêu cầu phải có Access Token để truy cập.
[2026-06-14 10:55:22] [ERROR]: POST /api/v1/auth/verify-otp - Lỗi hệ thống: Mã OTP không chính xác hoặc đã hết hạn.
[2026-06-14 10:56:59] [ERROR]: POST /api/v1/auth/verify-otp - Lỗi hệ thống: Mã OTP không chính xác hoặc đã hết hạn.
[2026-06-14 10:58:23] [ERROR]: POST /api/v1/auth/verify-otp - Lỗi hệ thống: Mã OTP không chính xác hoặc đã hết hạn.
[2026-06-14 10:59:27] [ERROR]: GET /api/v1/customers - Lỗi hệ thống: Yêu cầu phải có Access Token để truy cập.
[2026-06-14 11:00:31] [INFO]: Máy chủ Express đang chạy thành công tại cổng 3000
[2026-06-14 11:00:31] [INFO]: Máy chủ Express đang chạy thành công tại cổng 3000
[2026-06-14 11:00:31] [INFO]: Máy chủ Express đang chạy thành công tại cổng 3000
[2026-06-14 13:04:30] [INFO]: Máy chủ Express đang chạy thành công tại cổng 3000
[2026-06-14 13:04:31] [INFO]: Máy chủ Express đang chạy thành công tại cổng 3000
[2026-06-14 13:04:44] [INFO]: Máy chủ Express đang chạy thành công tại cổng 3000
[2026-06-14 13:04:45] [INFO]: Máy chủ Express đang chạy thành công tại cổng 3000
[2026-06-14 13:05:04] [INFO]: Máy chủ Express đang chạy thành công tại cổng 3000
[2026-06-14 13:05:05] [INFO]: Máy chủ Express đang chạy thành công tại cổng 3000
[2026-06-14 13:45:05] [INFO]: Máy chủ Express đang chạy thành công tại cổng 3000
[2026-06-14 13:45:06] [INFO]: Máy chủ Express đang chạy thành công tại cổng 3000
